#
# A fatal error has been detected by the Java Runtime Environment:
#
#  SIGSEGV (0xb) at pc=0xb481505b, pid=4886, tid=3077761904
#
# JRE version: 6.0_20-b20
# Java VM: OpenJDK Server VM (19.0-b09 mixed mode linux-x86 )
# Derivative: IcedTea6 1.9.13
# Distribution: Ubuntu 10.04.1 LTS, package 6b20-1.9.13-0ubuntu1~10.04.1
# Problematic frame:
# J  com.ibm.wala.util.intset.MutableSharedBitVectorIntSet.addAll(Lcom/ibm/wala/util/intset/MutableSharedBitVectorIntSet;)Z
#
# If you would like to submit a bug report, please include
# instructions how to reproduce the bug and visit:
#   https://bugs.launchpad.net/ubuntu/+source/openjdk-6/
#

---------------  T H R E A D  ---------------

Current thread (0x0a033000):  JavaThread "main" [_thread_in_Java, id=4892, stack(0xb76de000,0xb772f000)]

siginfo:si_signo=SIGSEGV: si_errno=0, si_code=128 (), si_addr=0x00000000

Registers:
EAX=0x7a99a340, EBX=0xa6f361d0, ECX=0xa5c2a510, EDX=0xa8113850
ESP=0xb772dd00, EBP=0xa5c2a510, ESI=0xb772ddc0, EDI=0xa8145a18
EIP=0xb481505b, CR2=0x00000004, EFLAGS=0x00210286

Register to memory mapping:

EAX=0x7a99a340
{method} 
 - klass: {other class}

EBX=0xa6f361d0

[error occurred during error reporting (printing registers, top of stack, instructions near pc), id 0xe0000000]

Stack: [0xb76de000,0xb772f000],  sp=0xb772dd00,  free space=319k
Native frames: (J=compiled Java code, j=interpreted, Vv=VM code, C=native code)
J  com.ibm.wala.util.intset.MutableSharedBitVectorIntSet.addAll(Lcom/ibm/wala/util/intset/MutableSharedBitVectorIntSet;)Z


---------------  P R O C E S S  ---------------

Java Threads: ( => current thread )
  0x79b29c00 JavaThread "Low Memory Detector" daemon [_thread_blocked, id=4910, stack(0x7990b000,0x7995c000)]
  0x79b27c00 JavaThread "CompilerThread1" daemon [_thread_in_native, id=4909, stack(0x7995c000,0x799dd000)]
  0x79b25c00 JavaThread "CompilerThread0" daemon [_thread_in_native, id=4908, stack(0x799dd000,0x79a5e000)]
  0x0a0e4400 JavaThread "JDWP Command Reader" daemon [_thread_in_native, id=4904, stack(0x79a5e000,0x79aaf000)]
  0x79b1a000 JavaThread "JDWP Event Helper Thread" daemon [_thread_blocked, id=4903, stack(0x79aaf000,0x79b00000)]
  0x79b17800 JavaThread "JDWP Transport Listener: dt_socket" daemon [_thread_blocked, id=4902, stack(0x79c08000,0x79c59000)]
  0x79b0f400 JavaThread "Signal Dispatcher" daemon [_thread_blocked, id=4900, stack(0x79c59000,0x79caa000)]
  0x79b00800 JavaThread "Finalizer" daemon [_thread_blocked, id=4899, stack(0x79caa000,0x79cfb000)]
  0x0a0df800 JavaThread "Reference Handler" daemon [_thread_blocked, id=4898, stack(0x79cfb000,0x79d4c000)]
=>0x0a033000 JavaThread "main" [_thread_in_Java, id=4892, stack(0xb76de000,0xb772f000)]

Other Threads:
  0x0a0db800 VMThread [stack: 0x79d4c000,0x79dcd000] [id=4897]
  0x79b2bc00 WatcherThread [stack: 0x7988a000,0x7990b000] [id=4911]

VM state:not at safepoint (normal execution)

VM Mutex/Monitor currently owned by a thread: None

Heap
 PSYoungGen      total 102080K, used 81960K [0xa3a10000, 0xab930000, 0xb44b0000)
  eden space 86272K, 95% used [0xa3a10000,0xa8a1a3f8,0xa8e50000)
  from space 15808K, 0% used [0xaa1c0000,0xaa1c0000,0xab130000)
  to   space 19904K, 0% used [0xa8e50000,0xa8e50000,0xaa1c0000)
 PSOldGen        total 53824K, used 30845K [0x824b0000, 0x85940000, 0xa3a10000)
  object space 53824K, 57% used [0x824b0000,0x842cf638,0x85940000)
 PSPermGen       total 16384K, used 7034K [0x7a4b0000, 0x7b4b0000, 0x824b0000)
  object space 16384K, 42% used [0x7a4b0000,0x7ab8e848,0x7b4b0000)

Dynamic libraries:
00110000-00117000 r-xp 00000000 08:05 547110     /lib/tls/i686/cmov/librt-2.11.1.so
00117000-00118000 r--p 00006000 08:05 547110     /lib/tls/i686/cmov/librt-2.11.1.so
00118000-00119000 rw-p 00007000 08:05 547110     /lib/tls/i686/cmov/librt-2.11.1.so
00119000-00125000 r-xp 00000000 08:05 2261726    /usr/lib/jvm/java-6-openjdk/jre/lib/i386/libverify.so
00125000-00126000 r--p 0000b000 08:05 2261726    /usr/lib/jvm/java-6-openjdk/jre/lib/i386/libverify.so
00126000-00127000 rw-p 0000c000 08:05 2261726    /usr/lib/jvm/java-6-openjdk/jre/lib/i386/libverify.so
00127000-00131000 r-xp 00000000 08:05 547102     /lib/tls/i686/cmov/libnss_files-2.11.1.so
00131000-00132000 r--p 00009000 08:05 547102     /lib/tls/i686/cmov/libnss_files-2.11.1.so
00132000-00133000 rw-p 0000a000 08:05 547102     /lib/tls/i686/cmov/libnss_files-2.11.1.so
00133000-0013a000 r-xp 00000000 08:05 2261731    /usr/lib/jvm/java-6-openjdk/jre/lib/i386/libzip.so
0013a000-0013b000 r--p 00006000 08:05 2261731    /usr/lib/jvm/java-6-openjdk/jre/lib/i386/libzip.so
0013b000-0013c000 rw-p 00007000 08:05 2261731    /usr/lib/jvm/java-6-openjdk/jre/lib/i386/libzip.so
001ab000-001be000 r-xp 00000000 08:05 392646     /lib/libz.so.1.2.3.3
001be000-001bf000 r--p 00012000 08:05 392646     /lib/libz.so.1.2.3.3
001bf000-001c0000 rw-p 00013000 08:05 392646     /lib/libz.so.1.2.3.3
001d9000-001ec000 r-xp 00000000 08:05 547098     /lib/tls/i686/cmov/libnsl-2.11.1.so
001ec000-001ed000 r--p 00012000 08:05 547098     /lib/tls/i686/cmov/libnsl-2.11.1.so
001ed000-001ee000 rw-p 00013000 08:05 547098     /lib/tls/i686/cmov/libnsl-2.11.1.so
001ee000-001f0000 rw-p 00000000 00:00 0 
0021a000-0021d000 r-xp 00000000 08:05 2249421    /usr/lib/jvm/java-6-openjdk/jre/lib/i386/libnpt.so
0021d000-0021e000 r--p 00002000 08:05 2249421    /usr/lib/jvm/java-6-openjdk/jre/lib/i386/libnpt.so
0021e000-0021f000 rw-p 00003000 08:05 2249421    /usr/lib/jvm/java-6-openjdk/jre/lib/i386/libnpt.so
00455000-0045b000 r-xp 00000000 08:05 547117     /lib/tls/i686/cmov/libnss_compat-2.11.1.so
0045b000-0045c000 r--p 00006000 08:05 547117     /lib/tls/i686/cmov/libnss_compat-2.11.1.so
0045c000-0045d000 rw-p 00007000 08:05 547117     /lib/tls/i686/cmov/libnss_compat-2.11.1.so
00558000-00560000 r-xp 00000000 08:05 547118     /lib/tls/i686/cmov/libnss_nis-2.11.1.so
00560000-00561000 r--p 00007000 08:05 547118     /lib/tls/i686/cmov/libnss_nis-2.11.1.so
00561000-00562000 rw-p 00008000 08:05 547118     /lib/tls/i686/cmov/libnss_nis-2.11.1.so
00681000-006a5000 r-xp 00000000 08:05 2249404    /usr/lib/jvm/java-6-openjdk/jre/lib/i386/libjava.so
006a5000-006a6000 r--p 00023000 08:05 2249404    /usr/lib/jvm/java-6-openjdk/jre/lib/i386/libjava.so
006a6000-006a8000 rw-p 00024000 08:05 2249404    /usr/lib/jvm/java-6-openjdk/jre/lib/i386/libjava.so
008b1000-008b3000 r-xp 00000000 08:05 547100     /lib/tls/i686/cmov/libdl-2.11.1.so
008b3000-008b4000 r--p 00001000 08:05 547100     /lib/tls/i686/cmov/libdl-2.11.1.so
008b4000-008b5000 rw-p 00002000 08:05 547100     /lib/tls/i686/cmov/libdl-2.11.1.so
008cc000-008cd000 r-xp 00000000 00:00 0          [vdso]
0097f000-0099a000 r-xp 00000000 08:05 395878     /lib/ld-2.11.1.so
0099a000-0099b000 r--p 0001a000 08:05 395878     /lib/ld-2.11.1.so
0099b000-0099c000 rw-p 0001b000 08:05 395878     /lib/ld-2.11.1.so
00a46000-00a5b000 r-xp 00000000 08:05 547101     /lib/tls/i686/cmov/libpthread-2.11.1.so
00a5b000-00a5c000 r--p 00014000 08:05 547101     /lib/tls/i686/cmov/libpthread-2.11.1.so
00a5c000-00a5d000 rw-p 00015000 08:05 547101     /lib/tls/i686/cmov/libpthread-2.11.1.so
00a5d000-00a5f000 rw-p 00000000 00:00 0 
00b53000-00b89000 r-xp 00000000 08:05 2249407    /usr/lib/jvm/java-6-openjdk/jre/lib/i386/libjdwp.so
00b89000-00b8a000 r--p 00036000 08:05 2249407    /usr/lib/jvm/java-6-openjdk/jre/lib/i386/libjdwp.so
00b8a000-00b8b000 rw-p 00037000 08:05 2249407    /usr/lib/jvm/java-6-openjdk/jre/lib/i386/libjdwp.so
00b91000-00b94000 r-xp 00000000 08:05 2245469    /usr/lib/jvm/java-6-openjdk/jre/lib/i386/libdt_socket.so
00b94000-00b95000 r--p 00002000 08:05 2245469    /usr/lib/jvm/java-6-openjdk/jre/lib/i386/libdt_socket.so
00b95000-00b96000 rw-p 00003000 08:05 2245469    /usr/lib/jvm/java-6-openjdk/jre/lib/i386/libdt_socket.so
00c0b000-00c2f000 r-xp 00000000 08:05 547107     /lib/tls/i686/cmov/libm-2.11.1.so
00c2f000-00c30000 r--p 00023000 08:05 547107     /lib/tls/i686/cmov/libm-2.11.1.so
00c30000-00c31000 rw-p 00024000 08:05 547107     /lib/tls/i686/cmov/libm-2.11.1.so
00d46000-00d4d000 r-xp 00000000 08:05 2261732    /usr/lib/jvm/java-6-openjdk/jre/lib/i386/native_threads/libhpi.so
00d4d000-00d4e000 r--p 00006000 08:05 2261732    /usr/lib/jvm/java-6-openjdk/jre/lib/i386/native_threads/libhpi.so
00d4e000-00d4f000 rw-p 00007000 08:05 2261732    /usr/lib/jvm/java-6-openjdk/jre/lib/i386/native_threads/libhpi.so
00d76000-00ec9000 r-xp 00000000 08:05 547105     /lib/tls/i686/cmov/libc-2.11.1.so
00ec9000-00ecb000 r--p 00153000 08:05 547105     /lib/tls/i686/cmov/libc-2.11.1.so
00ecb000-00ecc000 rw-p 00155000 08:05 547105     /lib/tls/i686/cmov/libc-2.11.1.so
00ecc000-00ecf000 rw-p 00000000 00:00 0 
00f73000-00f76000 r-xp 00000000 08:05 2232217    /usr/lib/jvm/java-6-openjdk/jre/lib/i386/jli/libjli.so
00f76000-00f77000 r--p 00003000 08:05 2232217    /usr/lib/jvm/java-6-openjdk/jre/lib/i386/jli/libjli.so
00f77000-00f78000 rw-p 00004000 08:05 2232217    /usr/lib/jvm/java-6-openjdk/jre/lib/i386/jli/libjli.so
00f78000-0163d000 r-xp 00000000 08:05 2261733    /usr/lib/jvm/java-6-openjdk/jre/lib/i386/server/libjvm.so
0163d000-0163e000 ---p 006c5000 08:05 2261733    /usr/lib/jvm/java-6-openjdk/jre/lib/i386/server/libjvm.so
0163e000-01683000 r--p 006c5000 08:05 2261733    /usr/lib/jvm/java-6-openjdk/jre/lib/i386/server/libjvm.so
01683000-01692000 rw-p 0070a000 08:05 2261733    /usr/lib/jvm/java-6-openjdk/jre/lib/i386/server/libjvm.so
01692000-01ab1000 rw-p 00000000 00:00 0 
08048000-08051000 r-xp 00000000 08:05 2263752    /usr/lib/jvm/java-6-openjdk/jre/bin/java
08051000-08052000 r--p 00008000 08:05 2263752    /usr/lib/jvm/java-6-openjdk/jre/bin/java
08052000-08053000 rw-p 00009000 08:05 2263752    /usr/lib/jvm/java-6-openjdk/jre/bin/java
0a028000-0cb1a000 rw-p 00000000 00:00 0          [heap]
75600000-756dc000 rw-p 00000000 00:00 0 
756dc000-75700000 ---p 00000000 00:00 0 
75800000-758a6000 rw-p 00000000 00:00 0 
758a6000-75900000 ---p 00000000 00:00 0 
75b00000-75bef000 rw-p 00000000 00:00 0 
75bef000-75c00000 ---p 00000000 00:00 0 
75c00000-75cfa000 rw-p 00000000 00:00 0 
75cfa000-75d00000 ---p 00000000 00:00 0 
75d00000-75df9000 rw-p 00000000 00:00 0 
75df9000-75e00000 ---p 00000000 00:00 0 
75e00000-75efc000 rw-p 00000000 00:00 0 
75efc000-75f00000 ---p 00000000 00:00 0 
75f00000-75fea000 rw-p 00000000 00:00 0 
75fea000-76000000 ---p 00000000 00:00 0 
76000000-760fc000 rw-p 00000000 00:00 0 
760fc000-76100000 ---p 00000000 00:00 0 
76100000-761e9000 rw-p 00000000 00:00 0 
761e9000-76200000 ---p 00000000 00:00 0 
76200000-762ef000 rw-p 00000000 00:00 0 
762ef000-76300000 ---p 00000000 00:00 0 
76300000-763c9000 rw-p 00000000 00:00 0 
763c9000-76400000 ---p 00000000 00:00 0 
76400000-764e9000 rw-p 00000000 00:00 0 
764e9000-76500000 ---p 00000000 00:00 0 
76500000-765ea000 rw-p 00000000 00:00 0 
765ea000-76600000 ---p 00000000 00:00 0 
76600000-766e6000 rw-p 00000000 00:00 0 
766e6000-76700000 ---p 00000000 00:00 0 
76700000-767c7000 rw-p 00000000 00:00 0 
767c7000-76800000 ---p 00000000 00:00 0 
76800000-768e2000 rw-p 00000000 00:00 0 
768e2000-76900000 ---p 00000000 00:00 0 
76900000-769ea000 rw-p 00000000 00:00 0 
769ea000-76a00000 ---p 00000000 00:00 0 
76a00000-76ae2000 rw-p 00000000 00:00 0 
76ae2000-76b00000 ---p 00000000 00:00 0 
76b00000-76be9000 rw-p 00000000 00:00 0 
76be9000-76c00000 ---p 00000000 00:00 0 
76c00000-76cf7000 rw-p 00000000 00:00 0 
76cf7000-76d00000 ---p 00000000 00:00 0 
76d00000-76de6000 rw-p 00000000 00:00 0 
76de6000-76e00000 ---p 00000000 00:00 0 
76e00000-76ee8000 rw-p 00000000 00:00 0 
76ee8000-76f00000 ---p 00000000 00:00 0 
77000000-770f1000 rw-p 00000000 00:00 0 
770f1000-77100000 ---p 00000000 00:00 0 
77100000-771ed000 rw-p 00000000 00:00 0 
771ed000-77200000 ---p 00000000 00:00 0 
77200000-772e9000 rw-p 00000000 00:00 0 
772e9000-77300000 ---p 00000000 00:00 0 
77400000-774f9000 rw-p 00000000 00:00 0 
774f9000-77500000 ---p 00000000 00:00 0 
77500000-775ef000 rw-p 00000000 00:00 0 
775ef000-77600000 ---p 00000000 00:00 0 
77600000-777ff000 rw-p 00000000 00:00 0 
777ff000-77800000 ---p 00000000 00:00 0 
77800000-77a00000 rw-p 00000000 00:00 0 
77a00000-77bfc000 rw-p 00000000 00:00 0 
77bfc000-77c00000 ---p 00000000 00:00 0 
77c00000-77cee000 rw-p 00000000 00:00 0 
77cee000-77d00000 ---p 00000000 00:00 0 
77d00000-77df8000 rw-p 00000000 00:00 0 
77df8000-77e00000 ---p 00000000 00:00 0 
77e00000-77efc000 rw-p 00000000 00:00 0 
77efc000-77f00000 ---p 00000000 00:00 0 
77f00000-78100000 rw-p 00000000 00:00 0 
78100000-781f9000 rw-p 00000000 00:00 0 
781f9000-78200000 ---p 00000000 00:00 0 
78300000-783e1000 rw-p 00000000 00:00 0 
783e1000-78400000 ---p 00000000 00:00 0 
78400000-784da000 rw-p 00000000 00:00 0 
784da000-78500000 ---p 00000000 00:00 0 
78500000-785f0000 rw-p 00000000 00:00 0 
785f0000-78600000 ---p 00000000 00:00 0 
78600000-786c7000 rw-p 00000000 00:00 0 
786c7000-78700000 ---p 00000000 00:00 0 
78700000-787fe000 rw-p 00000000 00:00 0 
787fe000-78800000 ---p 00000000 00:00 0 
78800000-788fd000 rw-p 00000000 00:00 0 
788fd000-78900000 ---p 00000000 00:00 0 
78900000-789f2000 rw-p 00000000 00:00 0 
789f2000-78a00000 ---p 00000000 00:00 0 
78a00000-78b00000 rw-p 00000000 00:00 0 
78b00000-78bf7000 rw-p 00000000 00:00 0 
78bf7000-78c00000 ---p 00000000 00:00 0 
78c00000-78cef000 rw-p 00000000 00:00 0 
78cef000-78d00000 ---p 00000000 00:00 0 
78d00000-78df1000 rw-p 00000000 00:00 0 
78df1000-78e00000 ---p 00000000 00:00 0 
78e00000-78ef9000 rw-p 00000000 00:00 0 
78ef9000-78f00000 ---p 00000000 00:00 0 
79000000-790e4000 rw-p 00000000 00:00 0 
790e4000-79100000 ---p 00000000 00:00 0 
79100000-791e1000 rw-p 00000000 00:00 0 
791e1000-79200000 ---p 00000000 00:00 0 
79200000-792fa000 rw-p 00000000 00:00 0 
792fa000-79300000 ---p 00000000 00:00 0 
79300000-793f9000 rw-p 00000000 00:00 0 
793f9000-79400000 ---p 00000000 00:00 0 
79400000-794fd000 rw-p 00000000 00:00 0 
794fd000-79500000 ---p 00000000 00:00 0 
795ce000-795cf000 r--s 00003000 08:05 1607092    /home/yash/Workspaces/workspace/ObjectSSA/output/jolden/bh/the.jar
795cf000-795d0000 r--s 00001000 08:05 674172     /home/yash/git/wala-mirror/com.ibm.wala.core/bin/primordial.jar.model
795d0000-795d3000 r--s 00038000 08:05 2261686    /usr/lib/jvm/java-6-openjdk/jre/lib/ext/sunpkcs11.jar
795d3000-795d6000 r--s 00031000 08:05 2261689    /usr/lib/jvm/java-6-openjdk/jre/lib/ext/sunjce_provider.jar
795d6000-795d8000 r--s 00001000 08:05 2261687    /usr/lib/jvm/java-6-openjdk/jre/lib/ext/dnsns.jar
795d8000-795db000 r--s 00077000 08:05 2261688    /usr/lib/jvm/java-6-openjdk/jre/lib/ext/localedata.jar
795db000-795e1000 r--s 000fc000 08:05 2261708    /usr/lib/jvm/java-6-openjdk/jre/lib/resources.jar
795e1000-795e2000 r--s 00000000 08:05 2261704    /usr/lib/jvm/java-6-openjdk/jre/lib/management-agent.jar
795e2000-795eb000 r--s 000b3000 08:05 2261709    /usr/lib/jvm/java-6-openjdk/jre/lib/rhino.jar
795eb000-795ec000 r--s 00004000 08:05 2245889    /usr/lib/jvm/java-6-openjdk/jre/lib/about.jar
795ec000-795ee000 r--s 00009000 08:05 2261712    /usr/lib/jvm/java-6-openjdk/jre/lib/javazic.jar
795ee000-795ef000 r--s 00000000 08:05 2261711    /usr/lib/jvm/java-6-openjdk/jre/lib/compilefontconfig.jar
795ef000-795f1000 r--s 00013000 08:05 2261701    /usr/lib/jvm/java-6-openjdk/jre/lib/jce.jar
795f1000-795f2000 r--s 00002000 08:05 2261692    /usr/lib/jvm/java-6-openjdk/jre/lib/im/indicim.jar
795f2000-795f4000 r--s 00001000 08:05 2261693    /usr/lib/jvm/java-6-openjdk/jre/lib/im/thaiim.jar
795f4000-79602000 r--s 00351000 08:05 2261678    /usr/lib/jvm/java-6-openjdk/jre/lib/charsets.jar
79602000-79661000 r--s 00d86000 08:05 2510445    /usr/lib/jvm/java-6-openjdk/lib/tools.jar
79661000-79667000 r--s 00065000 08:05 2510423    /usr/lib/jvm/java-6-openjdk/lib/jconsole.jar
79667000-79697000 r--s 0021b000 08:05 2510444    /usr/lib/jvm/java-6-openjdk/lib/sa-jdi.jar
79697000-7969d000 r--s 0001f000 08:05 2510450    /usr/lib/jvm/java-6-openjdk/lib/dt.jar
7969d000-796e3000 r--s 00385000 08:05 2514898    /usr/lib/eclipse/plugins/org.eclipse.ui.workbench_3.5.2.M20100113-0800.jar
796e3000-796e8000 r--s 0001d000 08:05 2514899    /usr/lib/eclipse/plugins/org.eclipse.ui_3.5.2.M20100120-0800.jar
796e8000-796ec000 r--s 00015000 08:05 2513605    /usr/lib/eclipse/plugins/org.eclipse.core.commands_3.5.0.I20090525-2000.jar
796ec000-79700000 r--s 001cf000 08:05 2514894    /usr/lib/eclipse/plugins/org.eclipse.swt.gtk.linux.x86_3.5.2.v3557f.jar
79700000-797fa000 rw-p 00000000 00:00 0 
797fa000-79800000 ---p 00000000 00:00 0 
79809000-7980a000 r--s 00003000 08:05 2514895    /usr/lib/eclipse/plugins/org.eclipse.swt_3.5.2.v3557f.jar
7980a000-7981e000 r--s 000e7000 08:05 2514889    /usr/lib/eclipse/plugins/org.eclipse.jface_3.5.2.M20100120-0800.jar
7981e000-7982d000 r--s 000f0000 08:05 2514425    /usr/lib/eclipse/plugins/org.eclipse.pde.core_3.5.101.v20100104.jar
7982d000-7982e000 r--s 0000b000 08:05 2514285    /usr/lib/eclipse/plugins/org.eclipse.jdt.compiler.tool_1.0.100.v_981_R35x.jar
7982e000-79830000 r--s 00022000 08:05 2513888    /usr/lib/eclipse/plugins/org.eclipse.jdt.compiler.apt_1.0.201.R35x_v20090925-1100.jar
79830000-79859000 r--s 00421000 08:05 2514290    /usr/lib/eclipse/plugins/org.eclipse.jdt.core_3.5.2.v_981_R35x.jar
79859000-7985c000 r--s 0007d000 08:05 2261702    /usr/lib/jvm/java-6-openjdk/jre/lib/jsse.jar
7985c000-7985d000 r--s 00004000 08:05 2634056    /usr/share/java/hamcrest-core-1.1.jar
7985d000-79864000 r--s 0002f000 08:05 2634066    /usr/share/java/junit4-4.8.1.jar
79864000-7986e000 r--s 000a1000 08:05 2513583    /usr/lib/eclipse/plugins/org.eclipse.core.resources_3.5.2.R35x_v20091203-1235.jar
7986e000-79871000 r--s 00011000 08:05 2513625    /usr/lib/eclipse/plugins/org.eclipse.equinox.app_1.2.1.R35x_v20091203.jar
79871000-79874000 r--s 00012000 08:05 2513607    /usr/lib/eclipse/plugins/org.eclipse.core.contenttype_3.4.1.R35x_v20090826-0451.jar
79874000-79877000 r--s 00016000 08:05 2514876    /usr/lib/eclipse/plugins/org.eclipse.equinox.preferences_3.2.301.R35x_v20091117.jar
79877000-7987a000 r--s 00026000 08:05 2514878    /usr/lib/eclipse/plugins/org.eclipse.equinox.registry_3.4.100.v20090520-1800.jar
7987a000-7988a000 r--s 00100000 08:05 2513344    /usr/lib/eclipse/plugins/org.eclipse.osgi_3.5.2.R35x_v20100126.jar
7988a000-7988b000 ---p 00000000 00:00 0 
7988b000-7990b000 rw-p 00000000 00:00 0 
7990b000-7990e000 ---p 00000000 00:00 0 
7990e000-7995c000 rw-p 00000000 00:00 0 
7995c000-7995f000 ---p 00000000 00:00 0 
7995f000-799dd000 rw-p 00000000 00:00 0 
799dd000-799e0000 ---p 00000000 00:00 0 
799e0000-79a5e000 rw-p 00000000 00:00 0 
79a5e000-79a61000 ---p 00000000 00:00 0 
79a61000-79aaf000 rw-p 00000000 00:00 0 
79aaf000-79ab2000 ---p 00000000 00:00 0 
79ab2000-79b00000 rw-p 00000000 00:00 0 
79b00000-79bfc000 rw-p 00000000 00:00 0 
79bfc000-79c00000 ---p 00000000 00:00 0 
79c00000-79c01000 r--s 00004000 08:05 2634056    /usr/share/java/hamcrest-core-1.1.jar
79c01000-79c03000 r--s 00011000 08:05 2513619    /usr/lib/eclipse/plugins/org.eclipse.core.jobs_3.4.100.v20090429-1800.jar
79c03000-79c06000 r--s 00015000 08:05 2514865    /usr/lib/eclipse/plugins/org.eclipse.equinox.common_3.5.1.R35x_v20090807-1100.jar
79c06000-79c08000 r--s 0000f000 08:05 2513623    /usr/lib/eclipse/plugins/org.eclipse.core.runtime_3.5.0.v20090525.jar
79c08000-79c0b000 ---p 00000000 00:00 0 
79c0b000-79c59000 rw-p 00000000 00:00 0 
79c59000-79c5c000 ---p 00000000 00:00 0 
79c5c000-79caa000 rw-p 00000000 00:00 0 
79caa000-79cad000 ---p 00000000 00:00 0 
79cad000-79cfb000 rw-p 00000000 00:00 0 
79cfb000-79cfe000 ---p 00000000 00:00 0 
79cfe000-79d4c000 rw-p 00000000 00:00 0 
79d4c000-79d4d000 ---p 00000000 00:00 0 
79d4d000-79e00000 rw-p 00000000 00:00 0 
79e00000-79f90000 r--s 038c5000 08:05 2227337    /usr/lib/jvm/java-6-openjdk/jre/lib/rt.jar
79f90000-79f91000 ---p 00000000 00:00 0 
79f91000-7a011000 rw-p 00000000 00:00 0 
7a011000-7a012000 ---p 00000000 00:00 0 
7a012000-7a092000 rw-p 00000000 00:00 0 
7a092000-7a093000 ---p 00000000 00:00 0 
7a093000-7a113000 rw-p 00000000 00:00 0 
7a113000-7a114000 ---p 00000000 00:00 0 
7a114000-7a19c000 rw-p 00000000 00:00 0 
7a19c000-7a1d4000 rw-p 00000000 00:00 0 
7a1d4000-7a1ef000 rw-p 00000000 00:00 0 
7a1ef000-7a2df000 rw-p 00000000 00:00 0 
7a2df000-7a2e7000 rw-p 00000000 00:00 0 
7a2e7000-7a31f000 rw-p 00000000 00:00 0 
7a31f000-7a33a000 rw-p 00000000 00:00 0 
7a33a000-7a429000 rw-p 00000000 00:00 0 
7a429000-7a46a000 rw-p 00000000 00:00 0 
7a46a000-7a4af000 rw-p 00000000 00:00 0 
7a4af000-7b4b0000 rw-p 00000000 00:00 0 
7b4b0000-824b0000 rw-p 00000000 00:00 0 
824b0000-85940000 rw-p 00000000 00:00 0 
85940000-a3a10000 rw-p 00000000 00:00 0 
a3a10000-ab930000 rw-p 00000000 00:00 0 
ab930000-b44b0000 rw-p 00000000 00:00 0 
b44b0000-b44b9000 r--s 00065000 08:05 2623754    /usr/share/java/gnome-java-bridge.jar
b44b9000-b44c4000 rw-p 00000000 00:00 0 
b44c4000-b4579000 rw-p 00000000 00:00 0 
b4579000-b4831000 rwxp 00000000 00:00 0 
b4831000-b7579000 rw-p 00000000 00:00 0 
b7579000-b7581000 rw-s 00000000 08:05 2093380    /tmp/hsperfdata_yash/4886
b7581000-b75c0000 r--p 00000000 08:05 2231757    /usr/lib/locale/en_IN/LC_CTYPE
b75c0000-b76de000 r--p 00000000 08:05 2231756    /usr/lib/locale/en_IN/LC_COLLATE
b76de000-b76e1000 ---p 00000000 00:00 0 
b76e1000-b7732000 rw-p 00000000 00:00 0 
b7732000-b7733000 r--s 00001000 08:05 412500     /usr/lib/eclipse/plugins/org.eclipse.core.runtime.compatibility.registry_3.2.200.v20090429-1800/runtime_registry_compatibility.jar
b7733000-b7736000 r--s 0000f000 08:05 2261691    /usr/lib/jvm/java-6-openjdk/jre/lib/ext/pulse-java.jar
b7736000-b7738000 r--s 0001d000 08:05 2261707    /usr/lib/jvm/java-6-openjdk/jre/lib/plugin.jar
b7738000-b773d000 r--s 00045000 08:05 2261706    /usr/lib/jvm/java-6-openjdk/jre/lib/netx.jar
b773d000-b773e000 r--p 00000000 08:05 2231535    /usr/lib/locale/en_IN/LC_NUMERIC
b773e000-b773f000 r--p 00000000 08:05 2237954    /usr/lib/locale/en_IN/LC_TIME
b773f000-b7740000 r--p 00000000 08:05 2237955    /usr/lib/locale/en_IN/LC_MONETARY
b7740000-b7741000 r--p 00000000 08:05 2354788    /usr/lib/locale/en_IN/LC_MESSAGES/SYS_LC_MESSAGES
b7741000-b7742000 r--p 00000000 08:05 2231818    /usr/lib/locale/en_IN/LC_PAPER
b7742000-b7743000 r--p 00000000 08:05 2231703    /usr/lib/locale/en_IN/LC_NAME
b7743000-b7744000 r--p 00000000 08:05 2231528    /usr/lib/locale/en_IN/LC_ADDRESS
b7744000-b7745000 r--p 00000000 08:05 2231537    /usr/lib/locale/en_IN/LC_TELEPHONE
b7745000-b7746000 r--p 00000000 08:05 2231759    /usr/lib/locale/en_IN/LC_MEASUREMENT
b7746000-b7747000 r--p 00000000 08:05 2237956    /usr/lib/locale/en_IN/LC_IDENTIFICATION
b7747000-b7748000 rw-p 00000000 00:00 0 
b7748000-b7749000 r--p 00000000 00:00 0 
b7749000-b774b000 rw-p 00000000 00:00 0 
bfa1b000-bfa30000 rw-p 00000000 00:00 0          [stack]

VM Arguments:
jvm_args: -agentlib:jdwp=transport=dt_socket,suspend=y,address=localhost:40335 -Xmx800M -Dfile.encoding=UTF-8 
java_command: Analysis.CreateObjectSSA
Launcher Type: SUN_STANDARD

Environment Variables:
PATH=/home/yash/bin:/usr/local/sbin:/usr/local/bin:/usr/sbin:/usr/bin:/sbin:/bin:/usr/games
USERNAME=yash
LD_LIBRARY_PATH=/usr/lib/jvm/java-6-openjdk/jre/lib/i386/server:/usr/lib/jvm/java-6-openjdk/jre/lib/i386:/usr/lib/jvm/java-6-openjdk/jre/../lib/i386:/usr/lib/jvm/java-6-openjdk/jre/lib/i386/client:/usr/lib/jvm/java-6-openjdk/jre/lib/i386:/usr/lib/xulrunner-1.9.2.28:/usr/lib/xulrunner-1.9.2.28
SHELL=/bin/bash
DISPLAY=:0.0

Signal Handlers:
SIGSEGV: [libjvm.so+0x64a040], sa_mask[0]=0x7ffbfeff, sa_flags=0x10000004
SIGBUS: [libjvm.so+0x64a040], sa_mask[0]=0x7ffbfeff, sa_flags=0x10000004
SIGFPE: [libjvm.so+0x51c0d0], sa_mask[0]=0x7ffbfeff, sa_flags=0x10000004
SIGPIPE: [libjvm.so+0x51c0d0], sa_mask[0]=0x7ffbfeff, sa_flags=0x10000004
SIGXFSZ: [libjvm.so+0x51c0d0], sa_mask[0]=0x7ffbfeff, sa_flags=0x10000004
SIGILL: [libjvm.so+0x51c0d0], sa_mask[0]=0x7ffbfeff, sa_flags=0x10000004
SIGUSR1: SIG_DFL, sa_mask[0]=0x00000000, sa_flags=0x00000000
SIGUSR2: [libjvm.so+0x51b780], sa_mask[0]=0x00000004, sa_flags=0x10000004
SIGHUP: [libjvm.so+0x51e2f0], sa_mask[0]=0x7ffbfeff, sa_flags=0x10000004
SIGINT: [libjvm.so+0x51e2f0], sa_mask[0]=0x7ffbfeff, sa_flags=0x10000004
SIGTERM: [libjvm.so+0x51e2f0], sa_mask[0]=0x7ffbfeff, sa_flags=0x10000004
SIGQUIT: [libjvm.so+0x51e2f0], sa_mask[0]=0x7ffbfeff, sa_flags=0x10000004


---------------  S Y S T E M  ---------------

OS:
uname:Linux 2.6.32-41-generic #91-Ubuntu SMP Wed Jun 13 11:44:43 UTC 2012 i686
libc:glibc 2.11.1 NPTL 2.11.1 
rlimit: STACK 8192k, CORE 0k, NPROC infinity, NOFILE 1024, AS infinity
load average:0.84 0.54 0.31

/proc/meminfo:
MemTotal:        2958404 kB
MemFree:          485608 kB
Buffers:          679640 kB
Cached:           933588 kB
SwapCached:            0 kB
Active:          1182492 kB
Inactive:        1169440 kB
Active(anon):     781080 kB
Inactive(anon):   123516 kB
Active(file):     401412 kB
Inactive(file):  1045924 kB
Unevictable:          32 kB
Mlocked:              32 kB
HighTotal:       2096216 kB
HighFree:         404612 kB
LowTotal:         862188 kB
LowFree:           80996 kB
SwapTotal:       9764856 kB
SwapFree:        9764856 kB
Dirty:                56 kB
Writeback:             0 kB
AnonPages:        738948 kB
Mapped:           149024 kB
Shmem:            165896 kB
Slab:              65680 kB
SReclaimable:      49920 kB
SUnreclaim:        15760 kB
KernelStack:        2976 kB
PageTables:         6720 kB
NFS_Unstable:          0 kB
Bounce:                0 kB
WritebackTmp:          0 kB
CommitLimit:    11244056 kB
Committed_AS:    1932500 kB
VmallocTotal:     122880 kB
VmallocUsed:       42844 kB
VmallocChunk:      37440 kB
HardwareCorrupted:     0 kB
HugePages_Total:       0
HugePages_Free:        0
HugePages_Rsvd:        0
HugePages_Surp:        0
Hugepagesize:       4096 kB
DirectMap4k:       16376 kB
DirectMap4M:      892928 kB


CPU:total 4 (2 cores per cpu, 2 threads per core) family 6 model 37 stepping 5, cmov, cx8, fxsr, mmx, sse, sse2, sse3, ssse3, sse4.1, sse4.2, popcnt, ht

Memory: 4k page, physical 2958404k(485608k free), swap 9764856k(9764856k free)

vm_info: OpenJDK Server VM (19.0-b09) for linux-x86 JRE (1.6.0_20-b20), built on Feb 17 2012 07:22:18 by "buildd" with gcc 4.4.3

time: Fri Jul  6 16:39:30 2012
elapsed time: 6 seconds

