#
# A fatal error has been detected by the Java Runtime Environment:
#
#  SIGSEGV (0xb) at pc=0x013241ff, pid=19807, tid=2992102256
#
# JRE version: 6.0_20-b20
# Java VM: OpenJDK Server VM (19.0-b09 mixed mode linux-x86 )
# Derivative: IcedTea6 1.9.13
# Distribution: Ubuntu 10.04.1 LTS, package 6b20-1.9.13-0ubuntu1~10.04.1
# Problematic frame:
# V  [libjvm.so+0x3601ff]
#
# If you would like to submit a bug report, please include
# instructions how to reproduce the bug and visit:
#   https://bugs.launchpad.net/ubuntu/+source/openjdk-6/
#

---------------  T H R E A D  ---------------

Current thread (0x08325800):  GCTaskThread [stack: 0xb24fd000,0xb257e000] [id=19814]

siginfo:si_signo=SIGSEGV: si_errno=0, si_code=1 (SEGV_MAPERR), si_addr=0xbf016ffc

Registers:
EAX=0x00000000, EBX=0x016ceff4, ECX=0xb269a29c, EDX=0xbf016ffc
ESP=0xb257cd90, EBP=0xb257ce08, ESI=0xb269e694, EDI=0xbdc8ab0c
EIP=0x013241ff, CR2=0xbf016ffc, EFLAGS=0x00010296

Register to memory mapping:

EAX=0x00000000
0x00000000 is pointing to unknown location

EBX=0x016ceff4
0x016ceff4: <offset 0x70aff4> in /usr/lib/jvm/java-6-openjdk/jre/lib/i386/server/libjvm.so at 0x00fc4000

ECX=0xb269a29c

[error occurred during error reporting (printing registers, top of stack, instructions near pc), id 0xe0000000]

Stack: [0xb24fd000,0xb257e000],  sp=0xb257cd90,  free space=511k
Native frames: (J=compiled Java code, j=interpreted, Vv=VM code, C=native code)
V  [libjvm.so+0x3601ff]
V  [libjvm.so+0x56c99f]
V  [libjvm.so+0x56dcc9]
V  [libjvm.so+0x1e5f9c]
V  [libjvm.so+0x570356]
V  [libjvm.so+0x31c68e]
V  [libjvm.so+0x51fdb1]
C  [libpthread.so.0+0x596e]


---------------  P R O C E S S  ---------------

Java Threads: ( => current thread )
  0x083e3000 JavaThread "Low Memory Detector" daemon [_thread_blocked, id=19823, stack(0xb18af000,0xb1900000)]
  0x083e1400 JavaThread "CompilerThread1" daemon [_thread_blocked, id=19822, stack(0xb1a39000,0xb1aba000)]
  0x083df400 JavaThread "CompilerThread0" daemon [_thread_blocked, id=19821, stack(0xb1aba000,0xb1b3b000)]
  0x083ddc00 JavaThread "Signal Dispatcher" daemon [_thread_blocked, id=19820, stack(0xb1b3b000,0xb1b8c000)]
  0x083ce000 JavaThread "Finalizer" daemon [_thread_blocked, id=19819, stack(0xb1bcb000,0xb1c1c000)]
  0x083c9400 JavaThread "Reference Handler" daemon [_thread_blocked, id=19818, stack(0xb1c1c000,0xb1c6d000)]
  0x0831cc00 JavaThread "main" [_thread_blocked, id=19812, stack(0xb7711000,0xb7762000)]

Other Threads:
  0x083c5800 VMThread [stack: 0xb1c6d000,0xb1cee000] [id=19817]
  0x083e5000 WatcherThread [stack: 0xb182e000,0xb18af000] [id=19824]

=>0x08325800 (exited) GCTaskThread [stack: 0xb24fd000,0xb257e000] [id=19814]

VM state:at safepoint (normal execution)

VM Mutex/Monitor currently owned by a thread:  ([mutex/lock_event])
[0x0831a9a8] Threads_lock - owner thread: 0x083c5800
[0x0831adb8] Heap_lock - owner thread: 0x0831cc00

Heap
 PSYoungGen      total 13504K, used 11584K [0x61100000, 0x62010000, 0xb4650000)
  eden space 11584K, 100% used [0x61100000,0x61c50000,0x61c50000)
  from space 1920K, 0% used [0x61e30000,0x61e30000,0x62010000)
  to   space 1920K, 99% used [0x61c50000,0x61e2c060,0x61e30000)
 PSOldGen        total 58368K, used 58352K [0xba650000, 0xbdf50000, 0x61100000)
  object space 58368K, 99% used [0xba650000,0xbdf4f010,0xbdf50000)
 PSPermGen       total 16384K, used 3300K [0xb2650000, 0xb3650000, 0xba650000)
  object space 16384K, 20% used [0xb2650000,0xb29891e8,0xb3650000)

Dynamic libraries:
00110000-00134000 r-xp 00000000 08:05 2249404    /usr/lib/jvm/java-6-openjdk/jre/lib/i386/libjava.so
00134000-00135000 r--p 00023000 08:05 2249404    /usr/lib/jvm/java-6-openjdk/jre/lib/i386/libjava.so
00135000-00137000 rw-p 00024000 08:05 2249404    /usr/lib/jvm/java-6-openjdk/jre/lib/i386/libjava.so
00137000-0013f000 r-xp 00000000 08:05 547118     /lib/tls/i686/cmov/libnss_nis-2.11.1.so
0013f000-00140000 r--p 00007000 08:05 547118     /lib/tls/i686/cmov/libnss_nis-2.11.1.so
00140000-00141000 rw-p 00008000 08:05 547118     /lib/tls/i686/cmov/libnss_nis-2.11.1.so
00162000-00169000 r-xp 00000000 08:05 2261732    /usr/lib/jvm/java-6-openjdk/jre/lib/i386/native_threads/libhpi.so
00169000-0016a000 r--p 00006000 08:05 2261732    /usr/lib/jvm/java-6-openjdk/jre/lib/i386/native_threads/libhpi.so
0016a000-0016b000 rw-p 00007000 08:05 2261732    /usr/lib/jvm/java-6-openjdk/jre/lib/i386/native_threads/libhpi.so
001f9000-0020c000 r-xp 00000000 08:05 392646     /lib/libz.so.1.2.3.3
0020c000-0020d000 r--p 00012000 08:05 392646     /lib/libz.so.1.2.3.3
0020d000-0020e000 rw-p 00013000 08:05 392646     /lib/libz.so.1.2.3.3
00211000-00217000 r-xp 00000000 08:05 547117     /lib/tls/i686/cmov/libnss_compat-2.11.1.so
00217000-00218000 r--p 00006000 08:05 547117     /lib/tls/i686/cmov/libnss_compat-2.11.1.so
00218000-00219000 rw-p 00007000 08:05 547117     /lib/tls/i686/cmov/libnss_compat-2.11.1.so
0038f000-003a4000 r-xp 00000000 08:05 547101     /lib/tls/i686/cmov/libpthread-2.11.1.so
003a4000-003a5000 r--p 00014000 08:05 547101     /lib/tls/i686/cmov/libpthread-2.11.1.so
003a5000-003a6000 rw-p 00015000 08:05 547101     /lib/tls/i686/cmov/libpthread-2.11.1.so
003a6000-003a8000 rw-p 00000000 00:00 0 
0043a000-0043d000 r-xp 00000000 08:05 2232217    /usr/lib/jvm/java-6-openjdk/jre/lib/i386/jli/libjli.so
0043d000-0043e000 r--p 00003000 08:05 2232217    /usr/lib/jvm/java-6-openjdk/jre/lib/i386/jli/libjli.so
0043e000-0043f000 rw-p 00004000 08:05 2232217    /usr/lib/jvm/java-6-openjdk/jre/lib/i386/jli/libjli.so
005a1000-005b4000 r-xp 00000000 08:05 547098     /lib/tls/i686/cmov/libnsl-2.11.1.so
005b4000-005b5000 r--p 00012000 08:05 547098     /lib/tls/i686/cmov/libnsl-2.11.1.so
005b5000-005b6000 rw-p 00013000 08:05 547098     /lib/tls/i686/cmov/libnsl-2.11.1.so
005b6000-005b8000 rw-p 00000000 00:00 0 
00648000-0064f000 r-xp 00000000 08:05 547110     /lib/tls/i686/cmov/librt-2.11.1.so
0064f000-00650000 r--p 00006000 08:05 547110     /lib/tls/i686/cmov/librt-2.11.1.so
00650000-00651000 rw-p 00007000 08:05 547110     /lib/tls/i686/cmov/librt-2.11.1.so
00931000-00955000 r-xp 00000000 08:05 547107     /lib/tls/i686/cmov/libm-2.11.1.so
00955000-00956000 r--p 00023000 08:05 547107     /lib/tls/i686/cmov/libm-2.11.1.so
00956000-00957000 rw-p 00024000 08:05 547107     /lib/tls/i686/cmov/libm-2.11.1.so
00a08000-00a12000 r-xp 00000000 08:05 547102     /lib/tls/i686/cmov/libnss_files-2.11.1.so
00a12000-00a13000 r--p 00009000 08:05 547102     /lib/tls/i686/cmov/libnss_files-2.11.1.so
00a13000-00a14000 rw-p 0000a000 08:05 547102     /lib/tls/i686/cmov/libnss_files-2.11.1.so
00a31000-00a33000 r-xp 00000000 08:05 547100     /lib/tls/i686/cmov/libdl-2.11.1.so
00a33000-00a34000 r--p 00001000 08:05 547100     /lib/tls/i686/cmov/libdl-2.11.1.so
00a34000-00a35000 rw-p 00002000 08:05 547100     /lib/tls/i686/cmov/libdl-2.11.1.so
00cde000-00e31000 r-xp 00000000 08:05 547105     /lib/tls/i686/cmov/libc-2.11.1.so
00e31000-00e33000 r--p 00153000 08:05 547105     /lib/tls/i686/cmov/libc-2.11.1.so
00e33000-00e34000 rw-p 00155000 08:05 547105     /lib/tls/i686/cmov/libc-2.11.1.so
00e34000-00e37000 rw-p 00000000 00:00 0 
00e9a000-00ea1000 r-xp 00000000 08:05 2261731    /usr/lib/jvm/java-6-openjdk/jre/lib/i386/libzip.so
00ea1000-00ea2000 r--p 00006000 08:05 2261731    /usr/lib/jvm/java-6-openjdk/jre/lib/i386/libzip.so
00ea2000-00ea3000 rw-p 00007000 08:05 2261731    /usr/lib/jvm/java-6-openjdk/jre/lib/i386/libzip.so
00f30000-00f3c000 r-xp 00000000 08:05 2261726    /usr/lib/jvm/java-6-openjdk/jre/lib/i386/libverify.so
00f3c000-00f3d000 r--p 0000b000 08:05 2261726    /usr/lib/jvm/java-6-openjdk/jre/lib/i386/libverify.so
00f3d000-00f3e000 rw-p 0000c000 08:05 2261726    /usr/lib/jvm/java-6-openjdk/jre/lib/i386/libverify.so
00f52000-00f6d000 r-xp 00000000 08:05 395878     /lib/ld-2.11.1.so
00f6d000-00f6e000 r--p 0001a000 08:05 395878     /lib/ld-2.11.1.so
00f6e000-00f6f000 rw-p 0001b000 08:05 395878     /lib/ld-2.11.1.so
00fc3000-00fc4000 r-xp 00000000 00:00 0          [vdso]
00fc4000-01689000 r-xp 00000000 08:05 2261733    /usr/lib/jvm/java-6-openjdk/jre/lib/i386/server/libjvm.so
01689000-0168a000 ---p 006c5000 08:05 2261733    /usr/lib/jvm/java-6-openjdk/jre/lib/i386/server/libjvm.so
0168a000-016cf000 r--p 006c5000 08:05 2261733    /usr/lib/jvm/java-6-openjdk/jre/lib/i386/server/libjvm.so
016cf000-016de000 rw-p 0070a000 08:05 2261733    /usr/lib/jvm/java-6-openjdk/jre/lib/i386/server/libjvm.so
016de000-01afd000 rw-p 00000000 00:00 0 
08048000-08051000 r-xp 00000000 08:05 2263752    /usr/lib/jvm/java-6-openjdk/jre/bin/java
08051000-08052000 r--p 00008000 08:05 2263752    /usr/lib/jvm/java-6-openjdk/jre/bin/java
08052000-08053000 rw-p 00009000 08:05 2263752    /usr/lib/jvm/java-6-openjdk/jre/bin/java
08315000-085b9000 rw-p 00000000 00:00 0          [heap]
61100000-62010000 rw-p 00000000 00:00 0 
b15a1000-b1600000 r--s 00d86000 08:05 2510445    /usr/lib/jvm/java-6-openjdk/lib/tools.jar
b1600000-b1653000 rw-p 00000000 00:00 0 
b1653000-b1700000 ---p 00000000 00:00 0 
b1711000-b1712000 r--s 00002000 08:05 1618021    /home/yash/Workspaces/workspace/ObjectSSA/output/jolden/perimeter/the.jar
b1712000-b1713000 r--s 00001000 08:05 674172     /home/yash/git/wala-mirror/com.ibm.wala.core/bin/primordial.jar.model
b1713000-b1716000 r--s 00038000 08:05 2261686    /usr/lib/jvm/java-6-openjdk/jre/lib/ext/sunpkcs11.jar
b1716000-b1719000 r--s 00031000 08:05 2261689    /usr/lib/jvm/java-6-openjdk/jre/lib/ext/sunjce_provider.jar
b1719000-b171b000 r--s 00001000 08:05 2261687    /usr/lib/jvm/java-6-openjdk/jre/lib/ext/dnsns.jar
b171b000-b171e000 r--s 00077000 08:05 2261688    /usr/lib/jvm/java-6-openjdk/jre/lib/ext/localedata.jar
b171e000-b1724000 r--s 000fc000 08:05 2261708    /usr/lib/jvm/java-6-openjdk/jre/lib/resources.jar
b1724000-b1725000 r--s 00000000 08:05 2261704    /usr/lib/jvm/java-6-openjdk/jre/lib/management-agent.jar
b1725000-b172e000 r--s 000b3000 08:05 2261709    /usr/lib/jvm/java-6-openjdk/jre/lib/rhino.jar
b172e000-b1730000 r--s 00009000 08:05 2261712    /usr/lib/jvm/java-6-openjdk/jre/lib/javazic.jar
b1730000-b1732000 r--s 00013000 08:05 2261701    /usr/lib/jvm/java-6-openjdk/jre/lib/jce.jar
b1732000-b1734000 r--s 00001000 08:05 2261693    /usr/lib/jvm/java-6-openjdk/jre/lib/im/thaiim.jar
b1734000-b1742000 r--s 00351000 08:05 2261678    /usr/lib/jvm/java-6-openjdk/jre/lib/charsets.jar
b1742000-b1748000 r--s 00065000 08:05 2510423    /usr/lib/jvm/java-6-openjdk/lib/jconsole.jar
b1748000-b1778000 r--s 0021b000 08:05 2510444    /usr/lib/jvm/java-6-openjdk/lib/sa-jdi.jar
b1778000-b177e000 r--s 0001f000 08:05 2510450    /usr/lib/jvm/java-6-openjdk/lib/dt.jar
b177e000-b17c4000 r--s 00385000 08:05 2514898    /usr/lib/eclipse/plugins/org.eclipse.ui.workbench_3.5.2.M20100113-0800.jar
b17c4000-b17c9000 r--s 0001d000 08:05 2514899    /usr/lib/eclipse/plugins/org.eclipse.ui_3.5.2.M20100120-0800.jar
b17c9000-b17cd000 r--s 00015000 08:05 2513605    /usr/lib/eclipse/plugins/org.eclipse.core.commands_3.5.0.I20090525-2000.jar
b17cd000-b17e1000 r--s 001cf000 08:05 2514894    /usr/lib/eclipse/plugins/org.eclipse.swt.gtk.linux.x86_3.5.2.v3557f.jar
b17e1000-b17e2000 r--s 00003000 08:05 2514895    /usr/lib/eclipse/plugins/org.eclipse.swt_3.5.2.v3557f.jar
b17e2000-b17f6000 r--s 000e7000 08:05 2514889    /usr/lib/eclipse/plugins/org.eclipse.jface_3.5.2.M20100120-0800.jar
b17f6000-b1805000 r--s 000f0000 08:05 2514425    /usr/lib/eclipse/plugins/org.eclipse.pde.core_3.5.101.v20100104.jar
b1805000-b182e000 r--s 00421000 08:05 2514290    /usr/lib/eclipse/plugins/org.eclipse.jdt.core_3.5.2.v_981_R35x.jar
b182e000-b182f000 ---p 00000000 00:00 0 
b182f000-b18af000 rw-p 00000000 00:00 0 
b18af000-b18b2000 ---p 00000000 00:00 0 
b18b2000-b1900000 rw-p 00000000 00:00 0 
b1900000-b19fb000 rw-p 00000000 00:00 0 
b19fb000-b1a00000 ---p 00000000 00:00 0 
b1a00000-b1a01000 r--s 00004000 08:05 2245889    /usr/lib/jvm/java-6-openjdk/jre/lib/about.jar
b1a01000-b1a02000 r--s 0000b000 08:05 2514285    /usr/lib/eclipse/plugins/org.eclipse.jdt.compiler.tool_1.0.100.v_981_R35x.jar
b1a02000-b1a04000 r--s 00022000 08:05 2513888    /usr/lib/eclipse/plugins/org.eclipse.jdt.compiler.apt_1.0.201.R35x_v20090925-1100.jar
b1a04000-b1a07000 r--s 0007d000 08:05 2261702    /usr/lib/jvm/java-6-openjdk/jre/lib/jsse.jar
b1a07000-b1a08000 r--s 00004000 08:05 2634056    /usr/share/java/hamcrest-core-1.1.jar
b1a08000-b1a09000 r--s 00004000 08:05 2634056    /usr/share/java/hamcrest-core-1.1.jar
b1a09000-b1a10000 r--s 0002f000 08:05 2634066    /usr/share/java/junit4-4.8.1.jar
b1a10000-b1a1a000 r--s 000a1000 08:05 2513583    /usr/lib/eclipse/plugins/org.eclipse.core.resources_3.5.2.R35x_v20091203-1235.jar
b1a1a000-b1a1d000 r--s 00011000 08:05 2513625    /usr/lib/eclipse/plugins/org.eclipse.equinox.app_1.2.1.R35x_v20091203.jar
b1a1d000-b1a20000 r--s 00012000 08:05 2513607    /usr/lib/eclipse/plugins/org.eclipse.core.contenttype_3.4.1.R35x_v20090826-0451.jar
b1a20000-b1a23000 r--s 00016000 08:05 2514876    /usr/lib/eclipse/plugins/org.eclipse.equinox.preferences_3.2.301.R35x_v20091117.jar
b1a23000-b1a26000 r--s 00026000 08:05 2514878    /usr/lib/eclipse/plugins/org.eclipse.equinox.registry_3.4.100.v20090520-1800.jar
b1a26000-b1a27000 r--s 00001000 08:05 412500     /usr/lib/eclipse/plugins/org.eclipse.core.runtime.compatibility.registry_3.2.200.v20090429-1800/runtime_registry_compatibility.jar
b1a27000-b1a29000 r--s 00011000 08:05 2513619    /usr/lib/eclipse/plugins/org.eclipse.core.jobs_3.4.100.v20090429-1800.jar
b1a29000-b1a39000 r--s 00100000 08:05 2513344    /usr/lib/eclipse/plugins/org.eclipse.osgi_3.5.2.R35x_v20100126.jar
b1a39000-b1a3c000 ---p 00000000 00:00 0 
b1a3c000-b1aba000 rw-p 00000000 00:00 0 
b1aba000-b1abd000 ---p 00000000 00:00 0 
b1abd000-b1b3b000 rw-p 00000000 00:00 0 
b1b3b000-b1b3e000 ---p 00000000 00:00 0 
b1b3e000-b1b8c000 rw-p 00000000 00:00 0 
b1b8c000-b1bcb000 r--p 00000000 08:05 2231757    /usr/lib/locale/en_IN/LC_CTYPE
b1bcb000-b1bce000 ---p 00000000 00:00 0 
b1bce000-b1c1c000 rw-p 00000000 00:00 0 
b1c1c000-b1c1f000 ---p 00000000 00:00 0 
b1c1f000-b1c6d000 rw-p 00000000 00:00 0 
b1c6d000-b1c6e000 ---p 00000000 00:00 0 
b1c6e000-b1cee000 rw-p 00000000 00:00 0 
b1cee000-b1e7e000 r--s 038c5000 08:05 2227337    /usr/lib/jvm/java-6-openjdk/jre/lib/rt.jar
b1e7e000-b1e9c000 rw-p 00000000 00:00 0 
b1e9c000-b23b4000 rw-p 00000000 00:00 0 
b23b4000-b23bc000 rw-p 00000000 00:00 0 
b23bc000-b23bd000 r--s 00000000 08:05 2261711    /usr/lib/jvm/java-6-openjdk/jre/lib/compilefontconfig.jar
b23bd000-b23bf000 r--s 0000f000 08:05 2513623    /usr/lib/eclipse/plugins/org.eclipse.core.runtime_3.5.0.v20090525.jar
b23bf000-b23c8000 r--s 00065000 08:05 2623754    /usr/share/java/gnome-java-bridge.jar
b23c8000-b23fb000 rw-p 00000000 00:00 0 
b23fb000-b23fc000 ---p 00000000 00:00 0 
b23fc000-b247c000 rw-p 00000000 00:00 0 
b247c000-b247d000 ---p 00000000 00:00 0 
b247d000-b24fd000 rw-p 00000000 00:00 0 
b24fd000-b24fe000 ---p 00000000 00:00 0 
b24fe000-b257e000 rw-p 00000000 00:00 0 
b257e000-b257f000 ---p 00000000 00:00 0 
b257f000-b2607000 rw-p 00000000 00:00 0 
b2607000-b263f000 rw-p 00000000 00:00 0 
b263f000-b2647000 rw-p 00000000 00:00 0 
b2647000-b264f000 rw-p 00000000 00:00 0 
b264f000-b3650000 rw-p 00000000 00:00 0 
b3650000-b4650000 rw-p 00000000 00:00 0 
b4650000-b4651000 r--s 00002000 08:05 2261692    /usr/lib/jvm/java-6-openjdk/jre/lib/im/indicim.jar
b4651000-b465a000 rw-p 00000000 00:00 0 
b465a000-b4711000 rw-p 00000000 00:00 0 
b4711000-b4951000 rwxp 00000000 00:00 0 
b4951000-b7711000 rw-p 00000000 00:00 0 
b7711000-b7714000 ---p 00000000 00:00 0 
b7714000-b7765000 rw-p 00000000 00:00 0 
b7765000-b7768000 r--s 00015000 08:05 2514865    /usr/lib/eclipse/plugins/org.eclipse.equinox.common_3.5.1.R35x_v20090807-1100.jar
b7768000-b776b000 r--s 0000f000 08:05 2261691    /usr/lib/jvm/java-6-openjdk/jre/lib/ext/pulse-java.jar
b776b000-b776d000 r--s 0001d000 08:05 2261707    /usr/lib/jvm/java-6-openjdk/jre/lib/plugin.jar
b776d000-b7772000 r--s 00045000 08:05 2261706    /usr/lib/jvm/java-6-openjdk/jre/lib/netx.jar
b7772000-b777a000 rw-s 00000000 08:05 2093474    /tmp/hsperfdata_yash/19807
b777a000-b777b000 rw-p 00000000 00:00 0 
b777b000-b777c000 ---p 00000000 00:00 0 
b777c000-b777e000 rw-p 00000000 00:00 0 
ba650000-be070000 rw-p 00000000 00:00 0 
bf018000-bfa17000 rw-p 00000000 00:00 0          [stack]

VM Arguments:
jvm_args: -Xmx4000M -Dfile.encoding=UTF-8 
java_command: Analysis.ObjectLivenessAnalysis
Launcher Type: SUN_STANDARD

Environment Variables:
PATH=/home/yash/bin:/usr/local/sbin:/usr/local/bin:/usr/sbin:/usr/bin:/sbin:/bin:/usr/games
USERNAME=yash
LD_LIBRARY_PATH=/usr/lib/jvm/java-6-openjdk/jre/lib/i386/server:/usr/lib/jvm/java-6-openjdk/jre/lib/i386:/usr/lib/jvm/java-6-openjdk/jre/../lib/i386:/usr/lib/jvm/java-6-openjdk/jre/lib/i386/client:/usr/lib/jvm/java-6-openjdk/jre/lib/i386:/usr/lib/xulrunner-1.9.2.28:/usr/lib/xulrunner-1.9.2.28
SHELL=/bin/bash
DISPLAY=:0.0

Signal Handlers:
SIGSEGV: [libjvm.so+0x64a040], sa_mask[0]=0x7ffbfeff, sa_flags=0x10000004
SIGBUS: [libjvm.so+0x64a040], sa_mask[0]=0x7ffbfeff, sa_flags=0x10000004
SIGFPE: [libjvm.so+0x51c0d0], sa_mask[0]=0x7ffbfeff, sa_flags=0x10000004
SIGPIPE: [libjvm.so+0x51c0d0], sa_mask[0]=0x7ffbfeff, sa_flags=0x10000004
SIGXFSZ: [libjvm.so+0x51c0d0], sa_mask[0]=0x7ffbfeff, sa_flags=0x10000004
SIGILL: [libjvm.so+0x51c0d0], sa_mask[0]=0x7ffbfeff, sa_flags=0x10000004
SIGUSR1: SIG_DFL, sa_mask[0]=0x00000000, sa_flags=0x00000000
SIGUSR2: [libjvm.so+0x51b780], sa_mask[0]=0x00000004, sa_flags=0x10000004
SIGHUP: [libjvm.so+0x51e2f0], sa_mask[0]=0x7ffbfeff, sa_flags=0x10000004
SIGINT: [libjvm.so+0x51e2f0], sa_mask[0]=0x7ffbfeff, sa_flags=0x10000004
SIGTERM: [libjvm.so+0x51e2f0], sa_mask[0]=0x7ffbfeff, sa_flags=0x10000004
SIGQUIT: [libjvm.so+0x51e2f0], sa_mask[0]=0x7ffbfeff, sa_flags=0x10000004


---------------  S Y S T E M  ---------------

OS:
uname:Linux 2.6.32-41-generic #91-Ubuntu SMP Wed Jun 13 11:44:43 UTC 2012 i686
libc:glibc 2.11.1 NPTL 2.11.1 
rlimit: STACK 8192k, CORE 0k, NPROC infinity, NOFILE 1024, AS infinity
load average:0.81 0.65 0.62

/proc/meminfo:
MemTotal:        2958404 kB
MemFree:          622936 kB
Buffers:          394736 kB
Cached:           956692 kB
SwapCached:        10232 kB
Active:          1284852 kB
Inactive:         864264 kB
Active(anon):     667412 kB
Inactive(anon):   412644 kB
Active(file):     617440 kB
Inactive(file):   451620 kB
Unevictable:          32 kB
Mlocked:              32 kB
HighTotal:       2096216 kB
HighFree:         433992 kB
LowTotal:         862188 kB
LowFree:          188944 kB
SwapTotal:       9764856 kB
SwapFree:        9702256 kB
Dirty:               376 kB
Writeback:             0 kB
AnonPages:        794564 kB
Mapped:           126928 kB
Shmem:            282368 kB
Slab:             128968 kB
SReclaimable:      66364 kB
SUnreclaim:        62604 kB
KernelStack:        3144 kB
PageTables:         8364 kB
NFS_Unstable:          0 kB
Bounce:                0 kB
WritebackTmp:          0 kB
CommitLimit:    11244056 kB
Committed_AS:    2380720 kB
VmallocTotal:     122880 kB
VmallocUsed:       42896 kB
VmallocChunk:      27476 kB
HardwareCorrupted:     0 kB
HugePages_Total:       0
HugePages_Free:        0
HugePages_Rsvd:        0
HugePages_Surp:        0
Hugepagesize:       4096 kB
DirectMap4k:       16376 kB
DirectMap4M:      892928 kB


CPU:total 4 (2 cores per cpu, 2 threads per core) family 6 model 37 stepping 5, cmov, cx8, fxsr, mmx, sse, sse2, sse3, ssse3, sse4.1, sse4.2, popcnt, ht

Memory: 4k page, physical 2958404k(622812k free), swap 9764856k(9702256k free)

vm_info: OpenJDK Server VM (19.0-b09) for linux-x86 JRE (1.6.0_20-b20), built on Feb 17 2012 07:22:18 by "buildd" with gcc 4.4.3

time: Tue Jul 10 17:40:46 2012
elapsed time: 0 seconds

